<?xml version="1.0" encoding="UTF-8"?>
<!-- Generated by org.testng.reporters.JUnitXMLReporter -->
<testsuite ignored="0" hostname="Dariya_Mouli" failures="0" tests="17" name="Default test" time="5.027" errors="0" timestamp="2023-01-17T15:41:36 IST">
  <testcase classname="Apple.HomeAssignment.SearchAPITest" name="searchAPITest" time="1.041"/>
  <testcase classname="Apple.HomeAssignment.SearchAPITest" name="searchAPITest" time="0.104"/>
  <testcase classname="Apple.HomeAssignment.SearchAPITest" name="searchAPITest" time="0.126"/>
  <testcase classname="Apple.HomeAssignment.SearchAPITest" name="searchAPITest" time="0.1"/>
  <testcase classname="Apple.HomeAssignment.SearchAPITest" name="searchAPITest" time="0.097"/>
  <testcase classname="Apple.HomeAssignment.SearchAPITest" name="searchAPITest" time="0.121"/>
  <testcase classname="Apple.HomeAssignment.SearchAPITest" name="searchAPITest" time="0.1"/>
  <testcase classname="Apple.HomeAssignment.SearchAPITest" name="searchAPITest" time="0.103"/>
  <testcase classname="Apple.HomeAssignment.SearchAPITest" name="searchAPITest" time="0.102"/>
  <testcase classname="Apple.HomeAssignment.SearchAPITest" name="searchAPITest" time="0.105"/>
  <testcase classname="Apple.HomeAssignment.SearchAPITest" name="searchAPITestInvalidValues" time="0.704"/>
  <testcase classname="Apple.HomeAssignment.SearchAPITest" name="searchAPITestInvalidValues" time="0.507"/>
  <testcase classname="Apple.HomeAssignment.SearchAPITest" name="searchAPITestInvalidValues" time="0.517"/>
  <testcase classname="Apple.HomeAssignment.SearchAPITest" name="searchAPITestInvalidValues" time="0.501"/>
  <testcase classname="Apple.HomeAssignment.SearchAPITest" name="searchAPITestMultiKeyValues" time="0.116"/>
  <testcase classname="Apple.HomeAssignment.SearchAPITest" name="searchAPITestMultiKeyValues" time="0.125"/>
  <testcase classname="Apple.HomeAssignment.SearchAPITest" name="searchAPITestMultiKeyValues" time="0.103"/>
</testsuite> <!-- Default test -->
