<?xml version="1.0" encoding="UTF-8"?>
<testng-results ignored="0" total="17" passed="17" failed="0" skipped="0">
  <reporter-output>
  </reporter-output>
  <suite started-at="2023-01-17T15:41:31 IST" name="Default suite" finished-at="2023-01-17T15:41:36 IST" duration-ms="5027">
    <groups>
    </groups>
    <test started-at="2023-01-17T15:41:31 IST" name="Default test" finished-at="2023-01-17T15:41:36 IST" duration-ms="5027">
      <class name="Apple.HomeAssignment.SearchAPITest">
        <test-method signature="searchAPITest(java.lang.Object,java.lang.Object)[pri:0, instance:Apple.HomeAssignment.SearchAPITest@1de76cc7]" started-at="2023-01-17T15:41:31 IST" name="searchAPITest" data-provider="getDataSheet1" finished-at="2023-01-17T15:41:32 IST" duration-ms="1041" status="PASS">
          <params>
            <param index="0">
              <value>
                <![CDATA[term]]>
              </value>
            </param>
            <param index="1">
              <value>
                <![CDATA[john johnson]]>
              </value>
            </param>
          </params>
          <reporter-output>
          </reporter-output>
        </test-method> <!-- searchAPITest -->
        <test-method signature="searchAPITest(java.lang.Object,java.lang.Object)[pri:0, instance:Apple.HomeAssignment.SearchAPITest@1de76cc7]" started-at="2023-01-17T15:41:32 IST" name="searchAPITest" data-provider="getDataSheet1" finished-at="2023-01-17T15:41:33 IST" duration-ms="104" status="PASS">
          <params>
            <param index="0">
              <value>
                <![CDATA[country]]>
              </value>
            </param>
            <param index="1">
              <value>
                <![CDATA[IN]]>
              </value>
            </param>
          </params>
          <reporter-output>
          </reporter-output>
        </test-method> <!-- searchAPITest -->
        <test-method signature="searchAPITest(java.lang.Object,java.lang.Object)[pri:0, instance:Apple.HomeAssignment.SearchAPITest@1de76cc7]" started-at="2023-01-17T15:41:33 IST" name="searchAPITest" data-provider="getDataSheet1" finished-at="2023-01-17T15:41:33 IST" duration-ms="126" status="PASS">
          <params>
            <param index="0">
              <value>
                <![CDATA[country]]>
              </value>
            </param>
            <param index="1">
              <value>
                <![CDATA[ZA]]>
              </value>
            </param>
          </params>
          <reporter-output>
          </reporter-output>
        </test-method> <!-- searchAPITest -->
        <test-method signature="searchAPITest(java.lang.Object,java.lang.Object)[pri:0, instance:Apple.HomeAssignment.SearchAPITest@1de76cc7]" started-at="2023-01-17T15:41:33 IST" name="searchAPITest" data-provider="getDataSheet1" finished-at="2023-01-17T15:41:33 IST" duration-ms="100" status="PASS">
          <params>
            <param index="0">
              <value>
                <![CDATA[media]]>
              </value>
            </param>
            <param index="1">
              <value>
                <![CDATA[movie]]>
              </value>
            </param>
          </params>
          <reporter-output>
          </reporter-output>
        </test-method> <!-- searchAPITest -->
        <test-method signature="searchAPITest(java.lang.Object,java.lang.Object)[pri:0, instance:Apple.HomeAssignment.SearchAPITest@1de76cc7]" started-at="2023-01-17T15:41:33 IST" name="searchAPITest" data-provider="getDataSheet1" finished-at="2023-01-17T15:41:33 IST" duration-ms="97" status="PASS">
          <params>
            <param index="0">
              <value>
                <![CDATA[entity]]>
              </value>
            </param>
            <param index="1">
              <value>
                <![CDATA[movieArtist]]>
              </value>
            </param>
          </params>
          <reporter-output>
          </reporter-output>
        </test-method> <!-- searchAPITest -->
        <test-method signature="searchAPITest(java.lang.Object,java.lang.Object)[pri:0, instance:Apple.HomeAssignment.SearchAPITest@1de76cc7]" started-at="2023-01-17T15:41:33 IST" name="searchAPITest" data-provider="getDataSheet1" finished-at="2023-01-17T15:41:33 IST" duration-ms="121" status="PASS">
          <params>
            <param index="0">
              <value>
                <![CDATA[attribute]]>
              </value>
            </param>
            <param index="1">
              <value>
                <![CDATA[actorTerm]]>
              </value>
            </param>
          </params>
          <reporter-output>
          </reporter-output>
        </test-method> <!-- searchAPITest -->
        <test-method signature="searchAPITest(java.lang.Object,java.lang.Object)[pri:0, instance:Apple.HomeAssignment.SearchAPITest@1de76cc7]" started-at="2023-01-17T15:41:33 IST" name="searchAPITest" data-provider="getDataSheet1" finished-at="2023-01-17T15:41:33 IST" duration-ms="100" status="PASS">
          <params>
            <param index="0">
              <value>
                <![CDATA[callback]]>
              </value>
            </param>
            <param index="1">
              <value>
                <![CDATA[wsSearchCB]]>
              </value>
            </param>
          </params>
          <reporter-output>
          </reporter-output>
        </test-method> <!-- searchAPITest -->
        <test-method signature="searchAPITest(java.lang.Object,java.lang.Object)[pri:0, instance:Apple.HomeAssignment.SearchAPITest@1de76cc7]" started-at="2023-01-17T15:41:33 IST" name="searchAPITest" data-provider="getDataSheet1" finished-at="2023-01-17T15:41:33 IST" duration-ms="103" status="PASS">
          <params>
            <param index="0">
              <value>
                <![CDATA[lang]]>
              </value>
            </param>
            <param index="1">
              <value>
                <![CDATA[en_us]]>
              </value>
            </param>
          </params>
          <reporter-output>
          </reporter-output>
        </test-method> <!-- searchAPITest -->
        <test-method signature="searchAPITest(java.lang.Object,java.lang.Object)[pri:0, instance:Apple.HomeAssignment.SearchAPITest@1de76cc7]" started-at="2023-01-17T15:41:33 IST" name="searchAPITest" data-provider="getDataSheet1" finished-at="2023-01-17T15:41:33 IST" duration-ms="102" status="PASS">
          <params>
            <param index="0">
              <value>
                <![CDATA[version]]>
              </value>
            </param>
            <param index="1">
              <value>
                <![CDATA[2.0]]>
              </value>
            </param>
          </params>
          <reporter-output>
          </reporter-output>
        </test-method> <!-- searchAPITest -->
        <test-method signature="searchAPITest(java.lang.Object,java.lang.Object)[pri:0, instance:Apple.HomeAssignment.SearchAPITest@1de76cc7]" started-at="2023-01-17T15:41:33 IST" name="searchAPITest" data-provider="getDataSheet1" finished-at="2023-01-17T15:41:33 IST" duration-ms="105" status="PASS">
          <params>
            <param index="0">
              <value>
                <![CDATA[explicit]]>
              </value>
            </param>
            <param index="1">
              <value>
                <![CDATA[N]]>
              </value>
            </param>
          </params>
          <reporter-output>
          </reporter-output>
        </test-method> <!-- searchAPITest -->
        <test-method signature="searchAPITestInvalidValues(java.lang.Object,java.lang.Object,java.lang.String)[pri:0, instance:Apple.HomeAssignment.SearchAPITest@1de76cc7]" started-at="2023-01-17T15:41:33 IST" name="searchAPITestInvalidValues" data-provider="getDataSheet3" finished-at="2023-01-17T15:41:34 IST" duration-ms="704" status="PASS">
          <params>
            <param index="0">
              <value>
                <![CDATA[country]]>
              </value>
            </param>
            <param index="1">
              <value>
                <![CDATA[DDA]]>
              </value>
            </param>
            <param index="2">
              <value>
                <![CDATA[Invalid value(s) for key(s): [country]]]>
              </value>
            </param>
          </params>
          <reporter-output>
          </reporter-output>
        </test-method> <!-- searchAPITestInvalidValues -->
        <test-method signature="searchAPITestInvalidValues(java.lang.Object,java.lang.Object,java.lang.String)[pri:0, instance:Apple.HomeAssignment.SearchAPITest@1de76cc7]" started-at="2023-01-17T15:41:34 IST" name="searchAPITestInvalidValues" data-provider="getDataSheet3" finished-at="2023-01-17T15:41:35 IST" duration-ms="507" status="PASS">
          <params>
            <param index="0">
              <value>
                <![CDATA[entity]]>
              </value>
            </param>
            <param index="1">
              <value>
                <![CDATA[entityInvalid]]>
              </value>
            </param>
            <param index="2">
              <value>
                <![CDATA[Invalid value(s) for key(s): [resultEntity]]]>
              </value>
            </param>
          </params>
          <reporter-output>
          </reporter-output>
        </test-method> <!-- searchAPITestInvalidValues -->
        <test-method signature="searchAPITestInvalidValues(java.lang.Object,java.lang.Object,java.lang.String)[pri:0, instance:Apple.HomeAssignment.SearchAPITest@1de76cc7]" started-at="2023-01-17T15:41:35 IST" name="searchAPITestInvalidValues" data-provider="getDataSheet3" finished-at="2023-01-17T15:41:35 IST" duration-ms="517" status="PASS">
          <params>
            <param index="0">
              <value>
                <![CDATA[attribute]]>
              </value>
            </param>
            <param index="1">
              <value>
                <![CDATA[attributeInvalid]]>
              </value>
            </param>
            <param index="2">
              <value>
                <![CDATA[Invalid value(s) for key(s): [attributeType]]]>
              </value>
            </param>
          </params>
          <reporter-output>
          </reporter-output>
        </test-method> <!-- searchAPITestInvalidValues -->
        <test-method signature="searchAPITestInvalidValues(java.lang.Object,java.lang.Object,java.lang.String)[pri:0, instance:Apple.HomeAssignment.SearchAPITest@1de76cc7]" started-at="2023-01-17T15:41:35 IST" name="searchAPITestInvalidValues" data-provider="getDataSheet3" finished-at="2023-01-17T15:41:36 IST" duration-ms="501" status="PASS">
          <params>
            <param index="0">
              <value>
                <![CDATA[media]]>
              </value>
            </param>
            <param index="1">
              <value>
                <![CDATA[mediaInvalid]]>
              </value>
            </param>
            <param index="2">
              <value>
                <![CDATA[Invalid value(s) for key(s): [mediaType]]]>
              </value>
            </param>
          </params>
          <reporter-output>
          </reporter-output>
        </test-method> <!-- searchAPITestInvalidValues -->
        <test-method signature="searchAPITestMultiKeyValues(java.lang.Object,java.lang.Object,java.lang.Object,java.lang.Object,java.lang.Object,java.lang.Object,java.lang.Object,java.lang.Object,java.lang.Object,java.lang.Object)[pri:0, instance:Apple.HomeAssignment.SearchAPITest@1de76cc7]" started-at="2023-01-17T15:41:36 IST" name="searchAPITestMultiKeyValues" data-provider="getDataSheet2" finished-at="2023-01-17T15:41:36 IST" duration-ms="116" status="PASS">
          <params>
            <param index="0">
              <value>
                <![CDATA[term]]>
              </value>
            </param>
            <param index="1">
              <value>
                <![CDATA[john jackson]]>
              </value>
            </param>
            <param index="2">
              <value>
                <![CDATA[country]]>
              </value>
            </param>
            <param index="3">
              <value>
                <![CDATA[ZA]]>
              </value>
            </param>
            <param index="4">
              <value>
                <![CDATA[media]]>
              </value>
            </param>
            <param index="5">
              <value>
                <![CDATA[movie]]>
              </value>
            </param>
            <param index="6">
              <value>
                <![CDATA[entity]]>
              </value>
            </param>
            <param index="7">
              <value>
                <![CDATA[movieArtist]]>
              </value>
            </param>
            <param index="8">
              <value>
                <![CDATA[attribute]]>
              </value>
            </param>
            <param index="9">
              <value>
                <![CDATA[actorTerm]]>
              </value>
            </param>
          </params>
          <reporter-output>
          </reporter-output>
        </test-method> <!-- searchAPITestMultiKeyValues -->
        <test-method signature="searchAPITestMultiKeyValues(java.lang.Object,java.lang.Object,java.lang.Object,java.lang.Object,java.lang.Object,java.lang.Object,java.lang.Object,java.lang.Object,java.lang.Object,java.lang.Object)[pri:0, instance:Apple.HomeAssignment.SearchAPITest@1de76cc7]" started-at="2023-01-17T15:41:36 IST" name="searchAPITestMultiKeyValues" data-provider="getDataSheet2" finished-at="2023-01-17T15:41:36 IST" duration-ms="125" status="PASS">
          <params>
            <param index="0">
              <value>
                <![CDATA[term]]>
              </value>
            </param>
            <param index="1">
              <value>
                <![CDATA[michael jackson]]>
              </value>
            </param>
            <param index="2">
              <value>
                <![CDATA[country]]>
              </value>
            </param>
            <param index="3">
              <value>
                <![CDATA[IN]]>
              </value>
            </param>
            <param index="4">
              <value>
                <![CDATA[media]]>
              </value>
            </param>
            <param index="5">
              <value>
                <![CDATA[musicVideo]]>
              </value>
            </param>
            <param index="6">
              <value>
                <![CDATA[entity]]>
              </value>
            </param>
            <param index="7">
              <value>
                <![CDATA[musicArtist]]>
              </value>
            </param>
            <param index="8">
              <value>
                <![CDATA[attribute]]>
              </value>
            </param>
            <param index="9">
              <value>
                <![CDATA[artistTerm]]>
              </value>
            </param>
          </params>
          <reporter-output>
          </reporter-output>
        </test-method> <!-- searchAPITestMultiKeyValues -->
        <test-method signature="searchAPITestMultiKeyValues(java.lang.Object,java.lang.Object,java.lang.Object,java.lang.Object,java.lang.Object,java.lang.Object,java.lang.Object,java.lang.Object,java.lang.Object,java.lang.Object)[pri:0, instance:Apple.HomeAssignment.SearchAPITest@1de76cc7]" started-at="2023-01-17T15:41:36 IST" name="searchAPITestMultiKeyValues" data-provider="getDataSheet2" finished-at="2023-01-17T15:41:36 IST" duration-ms="103" status="PASS">
          <params>
            <param index="0">
              <value>
                <![CDATA[term]]>
              </value>
            </param>
            <param index="1">
              <value>
                <![CDATA[Selena Gomez]]>
              </value>
            </param>
            <param index="2">
              <value>
                <![CDATA[country]]>
              </value>
            </param>
            <param index="3">
              <value>
                <![CDATA[US]]>
              </value>
            </param>
            <param index="4">
              <value>
                <![CDATA[media]]>
              </value>
            </param>
            <param index="5">
              <value>
                <![CDATA[tvShow]]>
              </value>
            </param>
            <param index="6">
              <value>
                <![CDATA[entity]]>
              </value>
            </param>
            <param index="7">
              <value>
                <![CDATA[tvSeason]]>
              </value>
            </param>
            <param index="8">
              <value>
                <![CDATA[attribute]]>
              </value>
            </param>
            <param index="9">
              <value>
                <![CDATA[genreIndex]]>
              </value>
            </param>
          </params>
          <reporter-output>
          </reporter-output>
        </test-method> <!-- searchAPITestMultiKeyValues -->
      </class> <!-- Apple.HomeAssignment.SearchAPITest -->
    </test> <!-- Default test -->
  </suite> <!-- Default suite -->
</testng-results>
